<?xml version="1.0" encoding="UTF-8" ?>
<testsuite errors="0" failures="0" hostname="Int-NbDes-MDAgos" name="com.google.i18n.phonenumbers.ShortNumberUtilTest" skipped="0" tests="16" time="0.01" timestamp="2015-11-12T19:44:35">
  <properties>
    <property name="java.vendor" value="Oracle Corporation" />
    <property name="lib.dir" value="lib" />
    <property name="prefixmapper.src.dir" value="internal/prefixmapper/src" />
    <property name="sun.java.launcher" value="SUN_STANDARD" />
    <property name="sun.management.compiler" value="HotSpot 64-Bit Tiered Compilers" />
    <property name="os.name" value="Windows 7" />
    <property name="sun.boot.class.path" value="C:\Progra~1\Java\jdk1.8.0_25\jre\lib\resources.jar;C:\Progra~1\Java\jdk1.8.0_25\jre\lib\rt.jar;C:\Progra~1\Java\jdk1.8.0_25\jre\lib\sunrsasign.jar;C:\Progra~1\Java\jdk1.8.0_25\jre\lib\jsse.jar;C:\Progra~1\Java\jdk1.8.0_25\jre\lib\jce.jar;C:\Progra~1\Java\jdk1.8.0_25\jre\lib\charsets.jar;C:\Progra~1\Java\jdk1.8.0_25\jre\lib\jfr.jar;C:\Progra~1\Java\jdk1.8.0_25\jre\classes" />
    <property name="prefixmapper.test.dir" value="internal/prefixmapper/test" />
    <property name="sun.desktop" value="windows" />
    <property name="java.vm.specification.vendor" value="Oracle Corporation" />
    <property name="ant.home" value="C:\dev\apache-ant" />
    <property name="jar.dir" value="build/jar" />
    <property name="java.runtime.version" value="1.8.0_25-b18" />
    <property name="user.name" value="GT" />
    <property name="geocoder.src.dir" value="geocoder/src" />
    <property name="build.dir" value="build" />
    <property name="ant.file.libphonenumber" value="C:\dev\hibu\libphonenumber-7-0.5\java\build.xml" />
    <property name="user.language" value="es" />
    <property name="sun.boot.library.path" value="C:\Progra~1\Java\jdk1.8.0_25\jre\bin" />
    <property name="ant.file.type.libphonenumber" value="file" />
    <property name="ant.project.default-target" value="compile" />
    <property name="ant.project.name" value="libphonenumber" />
    <property name="java.version" value="1.8.0_25" />
    <property name="user.timezone" value="America/Buenos_Aires" />
    <property name="resources.dir" value="../resources" />
    <property name="sun.arch.data.model" value="64" />
    <property name="java.endorsed.dirs" value="C:\Progra~1\Java\jdk1.8.0_25\jre\lib\endorsed" />
    <property name="sun.cpu.isalist" value="amd64" />
    <property name="sun.jnu.encoding" value="Cp1252" />
    <property name="file.encoding.pkg" value="sun.io" />
    <property name="file.separator" value="\" />
    <property name="java.specification.name" value="Java Platform API Specification" />
    <property name="classes.dir" value="build/classes" />
    <property name="java.class.version" value="52.0" />
    <property name="user.country" value="AR" />
    <property name="java.home" value="C:\Progra~1\Java\jdk1.8.0_25\jre" />
    <property name="geocoder.test.dir" value="geocoder/test" />
    <property name="java.vm.info" value="mixed mode" />
    <property name="ant.file" value="C:\dev\hibu\libphonenumber-7-0.5\java\build.xml" />
    <property name="os.version" value="6.1" />
    <property name="path.separator" value=";" />
    <property name="build.tools.jar" value="../tools/java/java-build/target/java-build-1.0-SNAPSHOT-jar-with-dependencies.jar" />
    <property name="java.vm.version" value="25.25-b02" />
    <property name="carrier.test.dir" value="carrier/test" />
    <property name="report.dir" value="build/junitreport" />
    <property name="user.variant" value="" />
    <property name="ant.library.dir" value="C:\dev\apache-ant\lib" />
    <property name="java.awt.printerjob" value="sun.awt.windows.WPrinterJob" />
    <property name="sun.io.unicode.encoding" value="UnicodeLittle" />
    <property name="awt.toolkit" value="sun.awt.windows.WToolkit" />
    <property name="sun.stdout.encoding" value="cp850" />
    <property name="user.script" value="" />
    <property name="javascript.dir" value="../javascript" />
    <property name="user.home" value="C:\Users\GT" />
    <property name="carrier.src.dir" value="carrier/src" />
    <property name="java.specification.vendor" value="Oracle Corporation" />
    <property name="libphonenumber.src.dir" value="libphonenumber/src" />
    <property name="java.library.path" value="C:\Progra~1\Java\jdk1.8.0_25\bin;C:\windows\Sun\Java\bin;C:\windows\system32;C:\windows;C:\dev\monitoring\sigar-lib;C:\ProgramData\Oracle\Java\javapath;C:\dev\apache-maven\bin;C:\Progra~1\Java\jdk1.8.0_25\bin;C:\cygwin64\bin;C:\Program Files\Common Files\Microsoft Shared\Windows Live;C:\Program Files (x86)\Common Files\Microsoft Shared\Windows Live;C:\windows\system32;C:\windows;C:\windows\System32\Wbem;C:\windows\System32\WindowsPowerShell\v1.0\;C:\Program Files (x86)\Windows Live\Shared;c:\Program Files (x86)\Microsoft SQL Server\100\Tools\Binn\VSShell\Common7\IDE\;c:\Program Files (x86)\Microsoft SQL Server\100\Tools\Binn\;c:\Program Files\Microsoft SQL Server\100\Tools\Binn\;c:\Program Files (x86)\Microsoft SQL Server\100\DTS\Binn\;c:\Program Files\Microsoft SQL Server\100\DTS\Binn\;C:\Program Files (x86)\Intel\OpenCL SDK\2.0\bin\x86;C:\Program Files (x86)\Intel\OpenCL SDK\2.0\bin\x64;C:\Program Files\TortoiseSVN\bin;C:\Program Files (x86)\Git\cmd;C:\Program Files\TortoiseGit\bin;C:\Program Files (x86)\Skype\Phone\;C:\Program Files\Calibre2\;C:\dev\hadoop-2.7.0/bin;C:\dev\apache-ant/bin;C:\Program Files\nodejs\;C:\dev\Anaconda;C:\dev\Anaconda\Scripts;C:\dev\gradle\bin;C:\dev\phantomjs;C:\Program Files (x86)\Git\bin;C:\Users\GT\AppData\Roaming\npm;." />
    <property name="java.vendor.url" value="http://java.oracle.com/" />
    <property name="java.vm.vendor" value="Oracle Corporation" />
    <property name="java.runtime.name" value="Java(TM) SE Runtime Environment" />
    <property name="sun.java.command" value="org.apache.tools.ant.launch.Launcher -f build.xml junit" />
    <property name="java.class.path" value="C:\dev\apache-ant\lib\ant-launcher.jar;C:\dev\apache-ant\lib\ant-antlr.jar;C:\dev\apache-ant\lib\ant-apache-bcel.jar;C:\dev\apache-ant\lib\ant-apache-bsf.jar;C:\dev\apache-ant\lib\ant-apache-log4j.jar;C:\dev\apache-ant\lib\ant-apache-oro.jar;C:\dev\apache-ant\lib\ant-apache-regexp.jar;C:\dev\apache-ant\lib\ant-apache-resolver.jar;C:\dev\apache-ant\lib\ant-apache-xalan2.jar;C:\dev\apache-ant\lib\ant-commons-logging.jar;C:\dev\apache-ant\lib\ant-commons-net.jar;C:\dev\apache-ant\lib\ant-jai.jar;C:\dev\apache-ant\lib\ant-javamail.jar;C:\dev\apache-ant\lib\ant-jdepend.jar;C:\dev\apache-ant\lib\ant-jmf.jar;C:\dev\apache-ant\lib\ant-jsch.jar;C:\dev\apache-ant\lib\ant-junit.jar;C:\dev\apache-ant\lib\ant-junit4.jar;C:\dev\apache-ant\lib\ant-launcher.jar;C:\dev\apache-ant\lib\ant-netrexx.jar;C:\dev\apache-ant\lib\ant-swing.jar;C:\dev\apache-ant\lib\ant-testutil.jar;C:\dev\apache-ant\lib\ant.jar;C:\Progra~1\Java\jdk1.8.0_25\lib\tools.jar" />
    <property name="libphonenumber.test.dir" value="libphonenumber/test" />
    <property name="ant.version" value="Apache Ant(TM) version 1.9.4 compiled on April 29 2014" />
    <property name="java.vm.specification.name" value="Java Virtual Machine Specification" />
    <property name="ant.file.type" value="file" />
    <property name="java.vm.specification.version" value="1.8" />
    <property name="sun.cpu.endian" value="little" />
    <property name="sun.os.patch.level" value="Service Pack 1" />
    <property name="java.io.tmpdir" value="C:\Users\GT\AppData\Local\Temp\" />
    <property name="java.vendor.url.bug" value="http://bugreport.sun.com/bugreport/" />
    <property name="java.awt.graphicsenv" value="sun.awt.Win32GraphicsEnvironment" />
    <property name="os.arch" value="amd64" />
    <property name="java.ext.dirs" value="C:\Progra~1\Java\jdk1.8.0_25\jre\lib\ext;C:\windows\Sun\Java\lib\ext" />
    <property name="user.dir" value="C:\dev\hibu\libphonenumber-7-0.5\java" />
    <property name="line.separator" value="&#xd;&#xa;" />
    <property name="java.vm.name" value="Java HotSpot(TM) 64-Bit Server VM" />
    <property name="basedir" value="C:\dev\hibu\libphonenumber-7-0.5\java" />
    <property name="ant.java.version" value="1.8" />
    <property name="ant.core.lib" value="C:\dev\apache-ant\lib\ant.jar" />
    <property name="sun.stderr.encoding" value="cp850" />
    <property name="file.encoding" value="Cp1252" />
    <property name="java.specification.version" value="1.8" />
    <property name="ant.project.invoked-targets" value="junit" />
  </properties>
  <testcase classname="com.google.i18n.phonenumbers.ShortNumberUtilTest" name="testConnectsToEmergencyNumber_US" time="0.0" />
  <testcase classname="com.google.i18n.phonenumbers.ShortNumberUtilTest" name="testConnectsToEmergencyNumber_BR" time="0.0" />
  <testcase classname="com.google.i18n.phonenumbers.ShortNumberUtilTest" name="testConnectsToEmergencyNumber_AO" time="0.0" />
  <testcase classname="com.google.i18n.phonenumbers.ShortNumberUtilTest" name="testConnectsToEmergencyNumber_ZW" time="0.0" />
  <testcase classname="com.google.i18n.phonenumbers.ShortNumberUtilTest" name="testIsEmergencyNumber_US" time="0.0" />
  <testcase classname="com.google.i18n.phonenumbers.ShortNumberUtilTest" name="testIsEmergencyNumber_BR" time="0.0" />
  <testcase classname="com.google.i18n.phonenumbers.ShortNumberUtilTest" name="testIsEmergencyNumber_AO" time="0.0" />
  <testcase classname="com.google.i18n.phonenumbers.ShortNumberUtilTest" name="testIsEmergencyNumber_ZW" time="0.0" />
  <testcase classname="com.google.i18n.phonenumbers.ShortNumberUtilTest" name="testConnectsToEmergencyNumberLongNumber_US" time="0.0" />
  <testcase classname="com.google.i18n.phonenumbers.ShortNumberUtilTest" name="testConnectsToEmergencyNumberWithFormatting_US" time="0.0" />
  <testcase classname="com.google.i18n.phonenumbers.ShortNumberUtilTest" name="testConnectsToEmergencyNumberWithPlusSign_US" time="0.0" />
  <testcase classname="com.google.i18n.phonenumbers.ShortNumberUtilTest" name="testConnectsToEmergencyNumberLongNumber_BR" time="0.0" />
  <testcase classname="com.google.i18n.phonenumbers.ShortNumberUtilTest" name="testIsEmergencyNumberLongNumber_US" time="0.0" />
  <testcase classname="com.google.i18n.phonenumbers.ShortNumberUtilTest" name="testIsEmergencyNumberWithFormatting_US" time="0.0" />
  <testcase classname="com.google.i18n.phonenumbers.ShortNumberUtilTest" name="testIsEmergencyNumberWithPlusSign_US" time="0.0" />
  <testcase classname="com.google.i18n.phonenumbers.ShortNumberUtilTest" name="testIsEmergencyNumberLongNumber_BR" time="0.0" />
  <system-out><![CDATA[]]></system-out>
  <system-err><![CDATA[]]></system-err>
</testsuite>
