<?xml version="1.0" encoding="UTF-8" ?>
<testsuite errors="0" failures="0" hostname="Int-NbDes-LCohn" name="com.google.i18n.phonenumbers.PhoneNumberUtilTest" tests="93" time="0.104" timestamp="2015-07-06T19:53:21">
  <properties>
    <property name="java.vendor" value="Oracle Corporation" />
    <property name="lib.dir" value="lib" />
    <property name="prefixmapper.src.dir" value="internal/prefixmapper/src" />
    <property name="sun.java.launcher" value="SUN_STANDARD" />
    <property name="sun.management.compiler" value="HotSpot 64-Bit Tiered Compilers" />
    <property name="os.name" value="Linux" />
    <property name="sun.boot.class.path" value="/usr/lib/jvm/java-8-oracle/jre/lib/resources.jar:/usr/lib/jvm/java-8-oracle/jre/lib/rt.jar:/usr/lib/jvm/java-8-oracle/jre/lib/sunrsasign.jar:/usr/lib/jvm/java-8-oracle/jre/lib/jsse.jar:/usr/lib/jvm/java-8-oracle/jre/lib/jce.jar:/usr/lib/jvm/java-8-oracle/jre/lib/charsets.jar:/usr/lib/jvm/java-8-oracle/jre/lib/jfr.jar:/usr/lib/jvm/java-8-oracle/jre/classes" />
    <property name="prefixmapper.test.dir" value="internal/prefixmapper/test" />
    <property name="sun.desktop" value="gnome" />
    <property name="java.vm.specification.vendor" value="Oracle Corporation" />
    <property name="ant.home" value="/usr/share/ant" />
    <property name="jar.dir" value="build/jar" />
    <property name="java.runtime.version" value="1.8.0_40-b25" />
    <property name="user.name" value="lcohn" />
    <property name="geocoder.src.dir" value="geocoder/src" />
    <property name="build.dir" value="build" />
    <property name="ant.file.libphonenumber" value="/home/lcohn/Proyectos/HIBU/git-libphonenumber/java/build.xml" />
    <property name="user.language" value="es" />
    <property name="sun.boot.library.path" value="/usr/lib/jvm/java-8-oracle/jre/lib/amd64" />
    <property name="ant.file.type.libphonenumber" value="file" />
    <property name="ant.project.default-target" value="compile" />
    <property name="ant.project.name" value="libphonenumber" />
    <property name="java.version" value="1.8.0_40" />
    <property name="user.timezone" value="America/Argentina/Buenos_Aires" />
    <property name="resources.dir" value="../resources" />
    <property name="sun.arch.data.model" value="64" />
    <property name="java.endorsed.dirs" value="/usr/lib/jvm/java-8-oracle/jre/lib/endorsed" />
    <property name="sun.cpu.isalist" value="" />
    <property name="sun.jnu.encoding" value="UTF-8" />
    <property name="file.encoding.pkg" value="sun.io" />
    <property name="file.separator" value="/" />
    <property name="java.specification.name" value="Java Platform API Specification" />
    <property name="classes.dir" value="build/classes" />
    <property name="java.class.version" value="52.0" />
    <property name="user.country" value="AR" />
    <property name="java.home" value="/usr/lib/jvm/java-8-oracle/jre" />
    <property name="geocoder.test.dir" value="geocoder/test" />
    <property name="java.vm.info" value="mixed mode" />
    <property name="ant.file" value="/home/lcohn/Proyectos/HIBU/git-libphonenumber/java/build.xml" />
    <property name="os.version" value="3.2.0-72-generic" />
    <property name="path.separator" value=":" />
    <property name="build.tools.jar" value="../tools/java/java-build/target/java-build-1.0-SNAPSHOT-jar-with-dependencies.jar" />
    <property name="java.vm.version" value="25.40-b25" />
    <property name="carrier.test.dir" value="carrier/test" />
    <property name="report.dir" value="build/junitreport" />
    <property name="ant.library.dir" value="/usr/share/ant/lib" />
    <property name="java.awt.printerjob" value="sun.print.PSPrinterJob" />
    <property name="sun.io.unicode.encoding" value="UnicodeLittle" />
    <property name="awt.toolkit" value="sun.awt.X11.XToolkit" />
    <property name="javascript.dir" value="../javascript" />
    <property name="user.home" value="/home/lcohn" />
    <property name="carrier.src.dir" value="carrier/src" />
    <property name="java.specification.vendor" value="Oracle Corporation" />
    <property name="libphonenumber.src.dir" value="libphonenumber/src" />
    <property name="java.library.path" value="/usr/java/packages/lib/amd64:/usr/lib64:/lib64:/lib:/usr/lib" />
    <property name="java.vendor.url" value="http://java.oracle.com/" />
    <property name="java.vm.vendor" value="Oracle Corporation" />
    <property name="java.runtime.name" value="Java(TM) SE Runtime Environment" />
    <property name="sun.java.command" value="org.apache.tools.ant.launch.Launcher -cp  -f build.xml junit" />
    <property name="java.class.path" value="/usr/share/ant/lib/ant-launcher.jar:/usr/share/java/xmlParserAPIs.jar:/usr/share/java/xercesImpl.jar:/usr/share/ant/lib/ant-apache-resolver.jar:/usr/share/ant/lib/ant-javamail.jar:/usr/share/ant/lib/ant-junit4.jar:/usr/share/ant/lib/ant-jmf.jar:/usr/share/ant/lib/ant-apache-bsf.jar:/usr/share/ant/lib/ant-apache-regexp.jar:/usr/share/ant/lib/ant-apache-xalan2.jar:/usr/share/ant/lib/ant-jsch.jar:/usr/share/ant/lib/ant-swing.jar:/usr/share/ant/lib/ant-apache-bcel.jar:/usr/share/ant/lib/junit.jar:/usr/share/ant/lib/ant-testutil.jar:/usr/share/ant/lib/ant-jdepend.jar:/usr/share/ant/lib/ant-apache-log4j.jar:/usr/share/ant/lib/ant-launcher.jar:/usr/share/ant/lib/ant.jar:/usr/share/ant/lib/ant-commons-net.jar:/usr/share/ant/lib/ant-antlr.jar:/usr/share/ant/lib/ant-commons-logging.jar:/usr/share/ant/lib/ant-junit.jar:/usr/share/ant/lib/ant-apache-oro.jar:/usr/lib/jvm/java-8-oracle/lib/tools.jar" />
    <property name="libphonenumber.test.dir" value="libphonenumber/test" />
    <property name="ant.version" value="Apache Ant(TM) version 1.8.2 compiled on December 3 2011" />
    <property name="java.vm.specification.name" value="Java Virtual Machine Specification" />
    <property name="ant.file.type" value="file" />
    <property name="java.vm.specification.version" value="1.8" />
    <property name="sun.cpu.endian" value="little" />
    <property name="sun.os.patch.level" value="unknown" />
    <property name="java.io.tmpdir" value="/tmp" />
    <property name="java.vendor.url.bug" value="http://bugreport.sun.com/bugreport/" />
    <property name="os.arch" value="amd64" />
    <property name="java.awt.graphicsenv" value="sun.awt.X11GraphicsEnvironment" />
    <property name="java.ext.dirs" value="/usr/lib/jvm/java-8-oracle/jre/lib/ext:/usr/java/packages/lib/ext" />
    <property name="user.dir" value="/home/lcohn/Proyectos/HIBU/git-libphonenumber/java" />
    <property name="line.separator" value="&#xa;" />
    <property name="java.vm.name" value="Java HotSpot(TM) 64-Bit Server VM" />
    <property name="basedir" value="/home/lcohn/Proyectos/HIBU/git-libphonenumber/java" />
    <property name="ant.java.version" value="1.7" />
    <property name="ant.core.lib" value="/usr/share/ant/lib/ant.jar" />
    <property name="file.encoding" value="UTF-8" />
    <property name="java.specification.version" value="1.8" />
    <property name="ant.project.invoked-targets" value="junit" />
  </properties>
  <testcase classname="com.google.i18n.phonenumbers.PhoneNumberUtilTest" name="testFormatNumberWithExtension" time="0.006" />
  <testcase classname="com.google.i18n.phonenumbers.PhoneNumberUtilTest" name="testFormatInOriginalFormat" time="0.007" />
  <testcase classname="com.google.i18n.phonenumbers.PhoneNumberUtilTest" name="testIsPremiumRate" time="0.001" />
  <testcase classname="com.google.i18n.phonenumbers.PhoneNumberUtilTest" name="testIsTollFree" time="0.001" />
  <testcase classname="com.google.i18n.phonenumbers.PhoneNumberUtilTest" name="testIsMobile" time="0.002" />
  <testcase classname="com.google.i18n.phonenumbers.PhoneNumberUtilTest" name="testIsFixedLine" time="0.001" />
  <testcase classname="com.google.i18n.phonenumbers.PhoneNumberUtilTest" name="testIsFixedLineAndMobile" time="0.0" />
  <testcase classname="com.google.i18n.phonenumbers.PhoneNumberUtilTest" name="testIsSharedCost" time="0.0" />
  <testcase classname="com.google.i18n.phonenumbers.PhoneNumberUtilTest" name="testIsVoip" time="0.001" />
  <testcase classname="com.google.i18n.phonenumbers.PhoneNumberUtilTest" name="testIsPersonalNumber" time="0.0" />
  <testcase classname="com.google.i18n.phonenumbers.PhoneNumberUtilTest" name="testIsUnknown" time="0.0" />
  <testcase classname="com.google.i18n.phonenumbers.PhoneNumberUtilTest" name="testIsValidNumber" time="0.001" />
  <testcase classname="com.google.i18n.phonenumbers.PhoneNumberUtilTest" name="testIsValidForRegion" time="0.001" />
  <testcase classname="com.google.i18n.phonenumbers.PhoneNumberUtilTest" name="testIsNotValidNumber" time="0.003" />
  <testcase classname="com.google.i18n.phonenumbers.PhoneNumberUtilTest" name="testGetRegionCodeForCountryCode" time="0.0" />
  <testcase classname="com.google.i18n.phonenumbers.PhoneNumberUtilTest" name="testGetRegionCodeForNumber" time="0.001" />
  <testcase classname="com.google.i18n.phonenumbers.PhoneNumberUtilTest" name="testGetRegionCodesForCountryCode" time="0.0" />
  <testcase classname="com.google.i18n.phonenumbers.PhoneNumberUtilTest" name="testGetCountryCodeForRegion" time="0.003" />
  <testcase classname="com.google.i18n.phonenumbers.PhoneNumberUtilTest" name="testGetNationalDiallingPrefixForRegion" time="0.003" />
  <testcase classname="com.google.i18n.phonenumbers.PhoneNumberUtilTest" name="testCanBeInternationallyDialled" time="0.0" />
  <testcase classname="com.google.i18n.phonenumbers.PhoneNumberUtilTest" name="testMissingMetadataFileThrowsRuntimeException" time="0.003" />
  <testcase classname="com.google.i18n.phonenumbers.PhoneNumberUtilTest" name="testGetInstanceLoadUSMetadata" time="0.001" />
  <testcase classname="com.google.i18n.phonenumbers.PhoneNumberUtilTest" name="testGetInstanceLoadDEMetadata" time="0.001" />
  <testcase classname="com.google.i18n.phonenumbers.PhoneNumberUtilTest" name="testGetInstanceLoadARMetadata" time="0.0" />
  <testcase classname="com.google.i18n.phonenumbers.PhoneNumberUtilTest" name="testGetInstanceLoadInternationalTollFreeMetadata" time="0.0" />
  <testcase classname="com.google.i18n.phonenumbers.PhoneNumberUtilTest" name="testIsNumberGeographical" time="0.001" />
  <testcase classname="com.google.i18n.phonenumbers.PhoneNumberUtilTest" name="testIsLeadingZeroPossible" time="0.0" />
  <testcase classname="com.google.i18n.phonenumbers.PhoneNumberUtilTest" name="testGetLengthOfGeographicalAreaCode" time="0.002" />
  <testcase classname="com.google.i18n.phonenumbers.PhoneNumberUtilTest" name="testGetLengthOfNationalDestinationCode" time="0.002" />
  <testcase classname="com.google.i18n.phonenumbers.PhoneNumberUtilTest" name="testGetCountryMobileToken" time="0.001" />
  <testcase classname="com.google.i18n.phonenumbers.PhoneNumberUtilTest" name="testGetNationalSignificantNumber" time="0.0" />
  <testcase classname="com.google.i18n.phonenumbers.PhoneNumberUtilTest" name="testIsNANPACountry" time="0.0" />
  <testcase classname="com.google.i18n.phonenumbers.PhoneNumberUtilTest" name="testIsPossibleNumber" time="0.002" />
  <testcase classname="com.google.i18n.phonenumbers.PhoneNumberUtilTest" name="testIsPossibleNumberWithReason" time="0.0" />
  <testcase classname="com.google.i18n.phonenumbers.PhoneNumberUtilTest" name="testIsNotPossibleNumber" time="0.002" />
  <testcase classname="com.google.i18n.phonenumbers.PhoneNumberUtilTest" name="testTruncateTooLongNumber" time="0.001" />
  <testcase classname="com.google.i18n.phonenumbers.PhoneNumberUtilTest" name="testIsViablePhoneNumber" time="0.001" />
  <testcase classname="com.google.i18n.phonenumbers.PhoneNumberUtilTest" name="testIsViablePhoneNumberNonAscii" time="0.0" />
  <testcase classname="com.google.i18n.phonenumbers.PhoneNumberUtilTest" name="testExtractPossibleNumber" time="0.0" />
  <testcase classname="com.google.i18n.phonenumbers.PhoneNumberUtilTest" name="testMaybeStripNationalPrefix" time="0.0" />
  <testcase classname="com.google.i18n.phonenumbers.PhoneNumberUtilTest" name="testMaybeStripInternationalPrefix" time="0.0" />
  <testcase classname="com.google.i18n.phonenumbers.PhoneNumberUtilTest" name="testMaybeExtractCountryCode" time="0.001" />
  <testcase classname="com.google.i18n.phonenumbers.PhoneNumberUtilTest" name="testParseNationalNumber" time="0.002" />
  <testcase classname="com.google.i18n.phonenumbers.PhoneNumberUtilTest" name="testParseNumberWithAlphaCharacters" time="0.001" />
  <testcase classname="com.google.i18n.phonenumbers.PhoneNumberUtilTest" name="testParseMaliciousInput" time="0.001" />
  <testcase classname="com.google.i18n.phonenumbers.PhoneNumberUtilTest" name="testParseWithInternationalPrefixes" time="0.001" />
  <testcase classname="com.google.i18n.phonenumbers.PhoneNumberUtilTest" name="testParseNonAscii" time="0.001" />
  <testcase classname="com.google.i18n.phonenumbers.PhoneNumberUtilTest" name="testParseWithLeadingZero" time="0.0" />
  <testcase classname="com.google.i18n.phonenumbers.PhoneNumberUtilTest" name="testParseNationalNumberArgentina" time="0.001" />
  <testcase classname="com.google.i18n.phonenumbers.PhoneNumberUtilTest" name="testParseWithXInNumber" time="0.0" />
  <testcase classname="com.google.i18n.phonenumbers.PhoneNumberUtilTest" name="testParseNumbersMexico" time="0.001" />
  <testcase classname="com.google.i18n.phonenumbers.PhoneNumberUtilTest" name="testFailedParseOnInvalidNumbers" time="0.001" />
  <testcase classname="com.google.i18n.phonenumbers.PhoneNumberUtilTest" name="testParseNumbersWithPlusWithNoRegion" time="0.001" />
  <testcase classname="com.google.i18n.phonenumbers.PhoneNumberUtilTest" name="testParseNumberTooShortIfNationalPrefixStripped" time="0.0" />
  <testcase classname="com.google.i18n.phonenumbers.PhoneNumberUtilTest" name="testParseExtensions" time="0.003" />
  <testcase classname="com.google.i18n.phonenumbers.PhoneNumberUtilTest" name="testParseAndKeepRaw" time="0.002" />
  <testcase classname="com.google.i18n.phonenumbers.PhoneNumberUtilTest" name="testParseItalianLeadingZeros" time="0.0" />
  <testcase classname="com.google.i18n.phonenumbers.PhoneNumberUtilTest" name="testCountryWithNoNumberDesc" time="0.0" />
  <testcase classname="com.google.i18n.phonenumbers.PhoneNumberUtilTest" name="testUnknownCountryCallingCode" time="0.001" />
  <testcase classname="com.google.i18n.phonenumbers.PhoneNumberUtilTest" name="testIsNumberMatchMatches" time="0.003" />
  <testcase classname="com.google.i18n.phonenumbers.PhoneNumberUtilTest" name="testIsNumberMatchNonMatches" time="0.002" />
  <testcase classname="com.google.i18n.phonenumbers.PhoneNumberUtilTest" name="testIsNumberMatchNsnMatches" time="0.002" />
  <testcase classname="com.google.i18n.phonenumbers.PhoneNumberUtilTest" name="testIsNumberMatchShortNsnMatches" time="0.005" />
  <testcase classname="com.google.i18n.phonenumbers.PhoneNumberUtilTest" name="testIsAlphaNumber" time="0.0" />
  <testcase classname="com.google.i18n.phonenumbers.PhoneNumberUtilTest" name="testIsMobileNumberPortableRegion" time="0.0" />
  <testcase classname="com.google.i18n.phonenumbers.PhoneNumberUtilTest" name="testGetExampleNumber" time="0.002" />
  <testcase classname="com.google.i18n.phonenumbers.PhoneNumberUtilTest" name="testGetExampleNumberForNonGeoEntity" time="0.001" />
  <testcase classname="com.google.i18n.phonenumbers.PhoneNumberUtilTest" name="testConvertAlphaCharactersInNumber" time="0.0" />
  <testcase classname="com.google.i18n.phonenumbers.PhoneNumberUtilTest" name="testNormaliseRemovePunctuation" time="0.0" />
  <testcase classname="com.google.i18n.phonenumbers.PhoneNumberUtilTest" name="testNormaliseReplaceAlphaCharacters" time="0.0" />
  <testcase classname="com.google.i18n.phonenumbers.PhoneNumberUtilTest" name="testNormaliseOtherDigits" time="0.0" />
  <testcase classname="com.google.i18n.phonenumbers.PhoneNumberUtilTest" name="testNormaliseStripAlphaCharacters" time="0.0" />
  <testcase classname="com.google.i18n.phonenumbers.PhoneNumberUtilTest" name="testNormaliseStripNonDiallableCharacters" time="0.0" />
  <testcase classname="com.google.i18n.phonenumbers.PhoneNumberUtilTest" name="testFormatUSNumber" time="0.0" />
  <testcase classname="com.google.i18n.phonenumbers.PhoneNumberUtilTest" name="testFormatBSNumber" time="0.0" />
  <testcase classname="com.google.i18n.phonenumbers.PhoneNumberUtilTest" name="testFormatGBNumber" time="0.001" />
  <testcase classname="com.google.i18n.phonenumbers.PhoneNumberUtilTest" name="testFormatDENumber" time="0.002" />
  <testcase classname="com.google.i18n.phonenumbers.PhoneNumberUtilTest" name="testFormatITNumber" time="0.0" />
  <testcase classname="com.google.i18n.phonenumbers.PhoneNumberUtilTest" name="testFormatAUNumber" time="0.001" />
  <testcase classname="com.google.i18n.phonenumbers.PhoneNumberUtilTest" name="testFormatARNumber" time="0.0" />
  <testcase classname="com.google.i18n.phonenumbers.PhoneNumberUtilTest" name="testFormatMXNumber" time="0.001" />
  <testcase classname="com.google.i18n.phonenumbers.PhoneNumberUtilTest" name="testFormatOutOfCountryCallingNumber" time="0.002" />
  <testcase classname="com.google.i18n.phonenumbers.PhoneNumberUtilTest" name="testFormatOutOfCountryWithInvalidRegion" time="0.001" />
  <testcase classname="com.google.i18n.phonenumbers.PhoneNumberUtilTest" name="testFormatOutOfCountryWithPreferredIntlPrefix" time="0.0" />
  <testcase classname="com.google.i18n.phonenumbers.PhoneNumberUtilTest" name="testFormatOutOfCountryKeepingAlphaChars" time="0.003" />
  <testcase classname="com.google.i18n.phonenumbers.PhoneNumberUtilTest" name="testFormatWithCarrierCode" time="0.0" />
  <testcase classname="com.google.i18n.phonenumbers.PhoneNumberUtilTest" name="testFormatWithPreferredCarrierCode" time="0.001" />
  <testcase classname="com.google.i18n.phonenumbers.PhoneNumberUtilTest" name="testFormatNumberForMobileDialing" time="0.003" />
  <testcase classname="com.google.i18n.phonenumbers.PhoneNumberUtilTest" name="testFormatByPattern" time="0.001" />
  <testcase classname="com.google.i18n.phonenumbers.PhoneNumberUtilTest" name="testFormatE164Number" time="0.0" />
  <testcase classname="com.google.i18n.phonenumbers.PhoneNumberUtilTest" name="testGetSupportedRegions" time="0.0" />
  <testcase classname="com.google.i18n.phonenumbers.PhoneNumberUtilTest" name="testGetSupportedGlobalNetworkCallingCodes" time="0.0" />
  <testcase classname="com.google.i18n.phonenumbers.PhoneNumberUtilTest" name="testGetInstanceLoadBadMetadata" time="0.0" />
  <system-out><![CDATA[]]></system-out>
  <system-err><![CDATA[jul 06, 2015 4:53:21 PM com.google.i18n.phonenumbers.PhoneNumberUtil getRegionCodeForNumber
ADVERTENCIA: Missing/invalid country_code (3923) for number 2366
jul 06, 2015 4:53:21 PM com.google.i18n.phonenumbers.PhoneNumberUtil getRegionCodeForNumber
ADVERTENCIA: Missing/invalid country_code (0) for number 2366
jul 06, 2015 4:53:21 PM com.google.i18n.phonenumbers.PhoneNumberUtil getCountryCodeForRegion
ADVERTENCIA: Invalid or missing region code (null) provided.
jul 06, 2015 4:53:21 PM com.google.i18n.phonenumbers.PhoneNumberUtil getCountryCodeForRegion
ADVERTENCIA: Invalid or missing region code (ZZ) provided.
jul 06, 2015 4:53:21 PM com.google.i18n.phonenumbers.PhoneNumberUtil getCountryCodeForRegion
ADVERTENCIA: Invalid or missing region code (001) provided.
jul 06, 2015 4:53:21 PM com.google.i18n.phonenumbers.PhoneNumberUtil getCountryCodeForRegion
ADVERTENCIA: Invalid or missing region code (CS) provided.
jul 06, 2015 4:53:21 PM com.google.i18n.phonenumbers.PhoneNumberUtil getNddPrefixForRegion
ADVERTENCIA: Invalid or missing region code (null) provided.
jul 06, 2015 4:53:21 PM com.google.i18n.phonenumbers.PhoneNumberUtil getNddPrefixForRegion
ADVERTENCIA: Invalid or missing region code (ZZ) provided.
jul 06, 2015 4:53:21 PM com.google.i18n.phonenumbers.PhoneNumberUtil getNddPrefixForRegion
ADVERTENCIA: Invalid or missing region code (001) provided.
jul 06, 2015 4:53:21 PM com.google.i18n.phonenumbers.PhoneNumberUtil getNddPrefixForRegion
ADVERTENCIA: Invalid or missing region code (CS) provided.
jul 06, 2015 4:53:21 PM com.google.i18n.phonenumbers.PhoneNumberUtil loadMetadataFromFile
GRAVE: missing metadata: no/such/file_XX
jul 06, 2015 4:53:21 PM com.google.i18n.phonenumbers.PhoneNumberUtil loadMetadataFromFile
GRAVE: missing metadata: no/such/file_123
jul 06, 2015 4:53:22 PM com.google.i18n.phonenumbers.PhoneNumberUtil getCountryCodeForRegion
ADVERTENCIA: Invalid or missing region code (SE) provided.
jul 06, 2015 4:53:22 PM com.google.i18n.phonenumbers.PhoneNumberUtil getRegionCodeForNumber
ADVERTENCIA: Missing/invalid country_code (2) for number 12345
jul 06, 2015 4:53:22 PM com.google.i18n.phonenumbers.PhoneNumberUtil getExampleNumberForType
ADVERTENCIA: Invalid or unknown region code provided: CS
jul 06, 2015 4:53:22 PM com.google.i18n.phonenumbers.PhoneNumberUtil getExampleNumberForType
ADVERTENCIA: Invalid or unknown region code provided: 001
jul 06, 2015 4:53:22 PM com.google.i18n.phonenumbers.PhoneNumberUtil formatOutOfCountryCallingNumber
ADVERTENCIA: Trying to format number from invalid region AQ. International formatting applied.
jul 06, 2015 4:53:22 PM com.google.i18n.phonenumbers.PhoneNumberUtil formatOutOfCountryCallingNumber
ADVERTENCIA: Trying to format number from invalid region 001. International formatting applied.
jul 06, 2015 4:53:22 PM com.google.i18n.phonenumbers.PhoneNumberUtil formatOutOfCountryKeepingAlphaChars
ADVERTENCIA: Trying to format number from invalid region SG. International formatting applied.
jul 06, 2015 4:53:22 PM com.google.i18n.phonenumbers.PhoneNumberUtil formatOutOfCountryKeepingAlphaChars
ADVERTENCIA: Trying to format number from invalid region AQ. International formatting applied.
jul 06, 2015 4:53:22 PM com.google.i18n.phonenumbers.PhoneNumberUtil formatOutOfCountryKeepingAlphaChars
ADVERTENCIA: Trying to format number from invalid region AQ. International formatting applied.
]]></system-err>
</testsuite>
