<?xml version="1.0" encoding="UTF-8" ?>
<testsuite tests="15" failures="0" name="com.google.i18n.phonenumbers.ExampleNumbersTest" time="1.462" errors="0" skipped="0">
  <properties>
    <property name="java.runtime.name" value="Java(TM) SE Runtime Environment"/>
    <property name="sun.boot.library.path" value="C:\Progra~1\Java\jdk1.8.0_25\jre\bin"/>
    <property name="java.vm.version" value="25.25-b02"/>
    <property name="java.vm.vendor" value="Oracle Corporation"/>
    <property name="java.vendor.url" value="http://java.oracle.com/"/>
    <property name="path.separator" value=";"/>
    <property name="guice.disable.misplaced.annotation.check" value="true"/>
    <property name="java.vm.name" value="Java HotSpot(TM) 64-Bit Server VM"/>
    <property name="file.encoding.pkg" value="sun.io"/>
    <property name="user.script" value=""/>
    <property name="user.country" value="AR"/>
    <property name="sun.java.launcher" value="SUN_STANDARD"/>
    <property name="sun.os.patch.level" value="Service Pack 1"/>
    <property name="java.vm.specification.name" value="Java Virtual Machine Specification"/>
    <property name="user.dir" value="C:\dev\hibu\libphonenumber-7-0.5\java\libphonenumber"/>
    <property name="java.runtime.version" value="1.8.0_25-b18"/>
    <property name="java.awt.graphicsenv" value="sun.awt.Win32GraphicsEnvironment"/>
    <property name="basedir" value="C:\dev\hibu\libphonenumber-7-0.5\java\libphonenumber"/>
    <property name="java.endorsed.dirs" value="C:\Progra~1\Java\jdk1.8.0_25\jre\lib\endorsed"/>
    <property name="os.arch" value="amd64"/>
    <property name="java.io.tmpdir" value="C:\Users\GT\AppData\Local\Temp\"/>
    <property name="line.separator" value="
"/>
    <property name="java.vm.specification.vendor" value="Oracle Corporation"/>
    <property name="user.variant" value=""/>
    <property name="os.name" value="Windows 7"/>
    <property name="classworlds.conf" value="C:\dev\apache-maven\bin\..\bin\m2.conf"/>
    <property name="sun.jnu.encoding" value="Cp1252"/>
    <property name="java.library.path" value="C:\Progra~1\Java\jdk1.8.0_25\bin;C:\windows\Sun\Java\bin;C:\windows\system32;C:\windows;C:\dev\monitoring\sigar-lib;C:\ProgramData\Oracle\Java\javapath;C:\dev\apache-maven\bin;C:\Progra~1\Java\jdk1.8.0_25\bin;C:\cygwin64\bin;C:\Program Files\Common Files\Microsoft Shared\Windows Live;C:\Program Files (x86)\Common Files\Microsoft Shared\Windows Live;C:\windows\system32;C:\windows;C:\windows\System32\Wbem;C:\windows\System32\WindowsPowerShell\v1.0\;C:\Program Files (x86)\Windows Live\Shared;c:\Program Files (x86)\Microsoft SQL Server\100\Tools\Binn\VSShell\Common7\IDE\;c:\Program Files (x86)\Microsoft SQL Server\100\Tools\Binn\;c:\Program Files\Microsoft SQL Server\100\Tools\Binn\;c:\Program Files (x86)\Microsoft SQL Server\100\DTS\Binn\;c:\Program Files\Microsoft SQL Server\100\DTS\Binn\;C:\Program Files (x86)\Intel\OpenCL SDK\2.0\bin\x86;C:\Program Files (x86)\Intel\OpenCL SDK\2.0\bin\x64;C:\Program Files\TortoiseSVN\bin;C:\Program Files (x86)\Git\cmd;C:\Program Files\TortoiseGit\bin;C:\Program Files (x86)\Skype\Phone\;C:\Program Files\Calibre2\;C:\dev\hadoop-2.7.0/bin;C:\dev\apache-ant/bin;C:\Program Files\nodejs\;C:\dev\Anaconda;C:\dev\Anaconda\Scripts;C:\dev\gradle\bin;C:\dev\phantomjs;C:\Program Files (x86)\Git\bin;C:\Users\GT\AppData\Roaming\npm;."/>
    <property name="surefire.test.class.path" value="C:\dev\hibu\libphonenumber-7-0.5\java\libphonenumber\target\test-classes;C:\dev\hibu\libphonenumber-7-0.5\java\libphonenumber\target\classes;C:\Users\GT\.m2\repository\junit\junit\4.8.1\junit-4.8.1.jar;"/>
    <property name="java.specification.name" value="Java Platform API Specification"/>
    <property name="java.class.version" value="52.0"/>
    <property name="sun.management.compiler" value="HotSpot 64-Bit Tiered Compilers"/>
    <property name="os.version" value="6.1"/>
    <property name="user.home" value="C:\Users\GT"/>
    <property name="user.timezone" value="America/Buenos_Aires"/>
    <property name="java.awt.printerjob" value="sun.awt.windows.WPrinterJob"/>
    <property name="java.specification.version" value="1.8"/>
    <property name="file.encoding" value="Cp1252"/>
    <property name="user.name" value="GT"/>
    <property name="java.class.path" value="C:\dev\apache-maven\bin\..\boot\plexus-classworlds-2.5.2.jar"/>
    <property name="java.vm.specification.version" value="1.8"/>
    <property name="sun.arch.data.model" value="64"/>
    <property name="java.home" value="C:\Progra~1\Java\jdk1.8.0_25\jre"/>
    <property name="sun.java.command" value="org.codehaus.plexus.classworlds.launcher.Launcher clean package"/>
    <property name="java.specification.vendor" value="Oracle Corporation"/>
    <property name="user.language" value="es"/>
    <property name="awt.toolkit" value="sun.awt.windows.WToolkit"/>
    <property name="java.vm.info" value="mixed mode"/>
    <property name="java.version" value="1.8.0_25"/>
    <property name="java.ext.dirs" value="C:\Progra~1\Java\jdk1.8.0_25\jre\lib\ext;C:\windows\Sun\Java\lib\ext"/>
    <property name="sun.boot.class.path" value="C:\Progra~1\Java\jdk1.8.0_25\jre\lib\resources.jar;C:\Progra~1\Java\jdk1.8.0_25\jre\lib\rt.jar;C:\Progra~1\Java\jdk1.8.0_25\jre\lib\sunrsasign.jar;C:\Progra~1\Java\jdk1.8.0_25\jre\lib\jsse.jar;C:\Progra~1\Java\jdk1.8.0_25\jre\lib\jce.jar;C:\Progra~1\Java\jdk1.8.0_25\jre\lib\charsets.jar;C:\Progra~1\Java\jdk1.8.0_25\jre\lib\jfr.jar;C:\Progra~1\Java\jdk1.8.0_25\jre\classes"/>
    <property name="sun.stderr.encoding" value="cp850"/>
    <property name="java.vendor" value="Oracle Corporation"/>
    <property name="maven.home" value="C:\dev\apache-maven\bin\.."/>
    <property name="localRepository" value="C:\Users\GT\.m2\repository"/>
    <property name="file.separator" value="\"/>
    <property name="java.vendor.url.bug" value="http://bugreport.sun.com/bugreport/"/>
    <property name="sun.cpu.endian" value="little"/>
    <property name="sun.io.unicode.encoding" value="UnicodeLittle"/>
    <property name="sun.stdout.encoding" value="cp850"/>
    <property name="sun.desktop" value="windows"/>
    <property name="sun.cpu.isalist" value="amd64"/>
  </properties>
  <testcase classname="com.google.i18n.phonenumbers.ExampleNumbersTest" name="testCanBeInternationallyDialled" time="0.134"/>
  <testcase classname="com.google.i18n.phonenumbers.ExampleNumbersTest" name="testGlobalNetworkNumbers" time="0.001"/>
  <testcase classname="com.google.i18n.phonenumbers.ExampleNumbersTest" name="testCarrierSpecificShortNumbers" time="0.09"/>
  <testcase classname="com.google.i18n.phonenumbers.ExampleNumbersTest" name="testFixedLine" time="0.245"/>
  <testcase classname="com.google.i18n.phonenumbers.ExampleNumbersTest" name="testMobile" time="0.151"/>
  <testcase classname="com.google.i18n.phonenumbers.ExampleNumbersTest" name="testTollFree" time="0.088"/>
  <testcase classname="com.google.i18n.phonenumbers.ExampleNumbersTest" name="testPremiumRate" time="0.095"/>
  <testcase classname="com.google.i18n.phonenumbers.ExampleNumbersTest" name="testVoip" time="0.114"/>
  <testcase classname="com.google.i18n.phonenumbers.ExampleNumbersTest" name="testPager" time="0.072"/>
  <testcase classname="com.google.i18n.phonenumbers.ExampleNumbersTest" name="testUan" time="0.095"/>
  <testcase classname="com.google.i18n.phonenumbers.ExampleNumbersTest" name="testVoicemail" time="0.064"/>
  <testcase classname="com.google.i18n.phonenumbers.ExampleNumbersTest" name="testSharedCost" time="0.076"/>
  <testcase classname="com.google.i18n.phonenumbers.ExampleNumbersTest" name="testEmergency" time="0.075"/>
  <testcase classname="com.google.i18n.phonenumbers.ExampleNumbersTest" name="testEveryRegionHasAnExampleNumber" time="0.07"/>
  <testcase classname="com.google.i18n.phonenumbers.ExampleNumbersTest" name="testShortNumbersValidAndCorrectCost" time="0.092"/>
</testsuite>